system   D            wsystem.c:583  maybe_parent_dir                 [   0.00036] Also searching C:\Users\WiLL\workspace\Allegro5SpaceShooter\Allegro5SpaceShooter\
system   D            wsystem.c:633  _al_win_safe_load_library        [   0.00055] PathFindOnPath found: C:\Windows\system32\d3d9.dll
system   D            wsystem.c:544  load_library_at_path             [   0.00057] Calling LoadLibrary C:\Windows\system32\d3d9.dll
system   I            wsystem.c:547  load_library_at_path             [   0.00199] Loaded C:\Windows\system32\d3d9.dll
d3d      I         d3d_disp.cpp:695  _al_d3d_init_display             [   0.01871] Render-to-texture: 1
system   I             system.c:272  al_install_system                [   0.01875] Allegro version: 5.0.8
audio-dsound D           dsound.cpp:234  _dsound_open                     [   0.01890] Loading DirectSound module
system   D            wsystem.c:583  maybe_parent_dir                 [   0.01895] Also searching C:\Users\WiLL\workspace\Allegro5SpaceShooter\Allegro5SpaceShooter\
system   D            wsystem.c:633  _al_win_safe_load_library        [   0.01908] PathFindOnPath found: C:\Windows\system32\dsound.dll
system   D            wsystem.c:544  load_library_at_path             [   0.01909] Calling LoadLibrary C:\Windows\system32\dsound.dll
system   I            wsystem.c:547  load_library_at_path             [   0.01968] Loaded C:\Windows\system32\dsound.dll
audio-dsound I           dsound.cpp:251  _dsound_open                     [   0.01971] Starting DirectSound...
audio-dsound D           dsound.cpp:261  _dsound_open                     [   0.03110] DirectSoundCreate8 succeeded
audio    I              audio.c:286  do_install_audio                 [   0.03223] Using DirectSound driver
system   D            wsystem.c:583  maybe_parent_dir                 [   0.03232] Also searching C:\Users\WiLL\workspace\Allegro5SpaceShooter\Allegro5SpaceShooter\
system   D            wsystem.c:633  _al_win_safe_load_library        [   0.03247] PathFindOnPath found: C:\Windows\system32\dinput8.dll
system   D            wsystem.c:544  load_library_at_path             [   0.03249] Calling LoadLibrary C:\Windows\system32\dinput8.dll
system   I            wsystem.c:547  load_library_at_path             [   0.03277] Loaded C:\Windows\system32\dinput8.dll
dinput   I           wjoydxnu.c:1042 joydx_merge                      [   0.05581] Merged, num joysticks=0
dtor     D               dtor.c:184  _al_register_destructor          [   0.05661] added dtor for object 00978618, func 6F2F10FA
audio-dsound D           dsound.cpp:296  _dsound_allocate_voice           [   0.05667] Allocating voice
audio-dsound D           dsound.cpp:355  _dsound_allocate_voice           [   0.05668] Allocated voice
dtor     D               dtor.c:184  _al_register_destructor          [   0.05670] added dtor for object 00944928, func 6F2F1154
dtor     D               dtor.c:184  _al_register_destructor          [   0.05671] added dtor for object 009859D8, func 6F2F1249
audio-dsound D           dsound.cpp:452  _dsound_start_voice              [   0.05673] Starting voice
audio-dsound D           dsound.cpp:481  _dsound_start_voice              [   0.05674] CreateSoundBuffer
audio-dsound D           dsound.cpp:490  _dsound_start_voice              [   0.05766] CreateSoundBuffer succeeded
audio-dsound D           dsound.cpp:496  _dsound_start_voice              [   0.05769] Starting _dsound_update thread
audio-dsound I           dsound.cpp:506  _dsound_start_voice              [   0.05775] Voice started
dtor     D               dtor.c:184  _al_register_destructor          [   0.05777] added dtor for object 0093E0C8, func 6F2F110E
audio    D          kcm_mixer.c:121  _al_rechannel_matrix             [   0.05779] sample matrix:
audio    D          kcm_mixer.c:127  _al_rechannel_matrix             [   0.05780] 
audio    D          kcm_mixer.c:127  _al_rechannel_matrix             [   0.05781] 
dtor     D               dtor.c:184  _al_register_destructor          [   0.05782] added dtor for object 0093E868, func 6F2F110E
audio    D          kcm_mixer.c:121  _al_rechannel_matrix             [   0.05798] sample matrix:
audio    D          kcm_mixer.c:127  _al_rechannel_matrix             [   0.05801] 
audio    D          kcm_mixer.c:127  _al_rechannel_matrix             [   0.05802] 
dtor     D               dtor.c:184  _al_register_destructor          [   0.05804] added dtor for object 009A61B8, func 6F2F110E
audio    D          kcm_mixer.c:121  _al_rechannel_matrix             [   0.05806] sample matrix:
audio    D          kcm_mixer.c:127  _al_rechannel_matrix             [   0.05807]  0.500000
audio    D          kcm_mixer.c:127  _al_rechannel_matrix             [   0.05808]  0.500000
display  W   display_settings.c:654  _al_deduce_color_format          [   0.05810] Could not deduce color format, sizes = (0,0,0,0,0), shifts = (0,0,0,0)
display  W   display_settings.c:654  _al_deduce_color_format          [   0.05886] Could not deduce color format, sizes = (0,0,0,0,0), shifts = (0,0,0,0)
d3d      I         d3d_disp.cpp:1732 d3d_create_display_locked        [   0.06019] faux_fullscreen=0
d3d      D         d3d_disp.cpp:1733 d3d_create_display_locked        [   0.06021] al_display=009774F8
d3d      D         d3d_disp.cpp:1734 d3d_create_display_locked        [   0.06022] al_display->vt=0093DB38
d3d      I d3d_display_formats.cpp:144  _al_d3d_generate_display_format_list [   0.07107] found 64 format combinations
display  D   display_settings.c:191  debug_display_settings           [   0.07110] color: 32 (rgba 8880), depth: 0, stencil: 0, acc: 0000, samples: 0/0
display  D   display_settings.c:506  _al_score_display_settings       [   0.07112] Score is : 897
display  D   display_settings.c:191  debug_display_settings           [   0.07113] color: 32 (rgba 8880), depth: 0, stencil: 0, acc: 0000, samples: 0/0
display  D   display_settings.c:506  _al_score_display_settings       [   0.07114] Score is : 897
display  D   display_settings.c:191  debug_display_settings           [   0.07115] color: 32 (rgba 8880), depth: 24, stencil: 8, acc: 0000, samples: 0/0
display  D   display_settings.c:506  _al_score_display_settings       [   0.07117] Score is : 897
display  D   display_settings.c:191  debug_display_settings           [   0.07118] color: 32 (rgba 8880), depth: 24, stencil: 8, acc: 0000, samples: 0/0
display  D   display_settings.c:506  _al_score_display_settings       [   0.07119] Score is : 897
display  D   display_settings.c:191  debug_display_settings           [   0.07120] color: 32 (rgba 8880), depth: 24, stencil: 0, acc: 0000, samples: 0/0
display  D   display_settings.c:506  _al_score_display_settings       [   0.07121] Score is : 897
display  D   display_settings.c:191  debug_display_settings           [   0.07122] color: 32 (rgba 8880), depth: 24, stencil: 0, acc: 0000, samples: 0/0
display  D   display_settings.c:506  _al_score_display_settings       [   0.07123] Score is : 897
display  D   display_settings.c:191  debug_display_settings           [   0.07124] color: 32 (rgba 8880), depth: 16, stencil: 0, acc: 0000, samples: 0/0
display  D   display_settings.c:506  _al_score_display_settings       [   0.07126] Score is : 897
display  D   display_settings.c:191  debug_display_settings           [   0.07127] color: 32 (rgba 8880), depth: 16, stencil: 0, acc: 0000, samples: 0/0
display  D   display_settings.c:506  _al_score_display_settings       [   0.07128] Score is : 897
display  D   display_settings.c:191  debug_display_settings           [   0.07129] color: 16 (rgba 5650), depth: 0, stencil: 0, acc: 0000, samples: 0/0
display  D   display_settings.c:506  _al_score_display_settings       [   0.07130] Score is : 897
display  D   display_settings.c:191  debug_display_settings           [   0.07131] color: 16 (rgba 5650), depth: 0, stencil: 0, acc: 0000, samples: 0/0
display  D   display_settings.c:506  _al_score_display_settings       [   0.07133] Score is : 897
display  D   display_settings.c:191  debug_display_settings           [   0.07134] color: 16 (rgba 5650), depth: 24, stencil: 8, acc: 0000, samples: 0/0
display  D   display_settings.c:506  _al_score_display_settings       [   0.07135] Score is : 897
display  D   display_settings.c:191  debug_display_settings           [   0.07136] color: 16 (rgba 5650), depth: 24, stencil: 8, acc: 0000, samples: 0/0
display  D   display_settings.c:506  _al_score_display_settings       [   0.07138] Score is : 897
display  D   display_settings.c:191  debug_display_settings           [   0.07139] color: 16 (rgba 5650), depth: 24, stencil: 0, acc: 0000, samples: 0/0
display  D   display_settings.c:506  _al_score_display_settings       [   0.07140] Score is : 897
display  D   display_settings.c:191  debug_display_settings           [   0.07141] color: 16 (rgba 5650), depth: 24, stencil: 0, acc: 0000, samples: 0/0
display  D   display_settings.c:506  _al_score_display_settings       [   0.07142] Score is : 897
display  D   display_settings.c:191  debug_display_settings           [   0.07143] color: 16 (rgba 5650), depth: 16, stencil: 0, acc: 0000, samples: 0/0
display  D   display_settings.c:506  _al_score_display_settings       [   0.07144] Score is : 897
display  D   display_settings.c:191  debug_display_settings           [   0.07145] color: 16 (rgba 5650), depth: 16, stencil: 0, acc: 0000, samples: 0/0
display  D   display_settings.c:506  _al_score_display_settings       [   0.07147] Score is : 897
display  D   display_settings.c:191  debug_display_settings           [   0.07148] color: 32 (rgba 8880), depth: 0, stencil: 0, acc: 0000, samples: 0/0
display  D   display_settings.c:377  _al_score_display_settings       [   0.07149] Single Buffer requirement not met.
display  D   display_settings.c:191  debug_display_settings           [   0.07150] color: 32 (rgba 8880), depth: 0, stencil: 0, acc: 0000, samples: 0/0
display  D   display_settings.c:377  _al_score_display_settings       [   0.07151] Single Buffer requirement not met.
display  D   display_settings.c:191  debug_display_settings           [   0.07153] color: 32 (rgba 8880), depth: 24, stencil: 8, acc: 0000, samples: 0/0
display  D   display_settings.c:377  _al_score_display_settings       [   0.07154] Single Buffer requirement not met.
display  D   display_settings.c:191  debug_display_settings           [   0.07155] color: 32 (rgba 8880), depth: 24, stencil: 8, acc: 0000, samples: 0/0
display  D   display_settings.c:377  _al_score_display_settings       [   0.07156] Single Buffer requirement not met.
display  D   display_settings.c:191  debug_display_settings           [   0.07157] color: 32 (rgba 8880), depth: 24, stencil: 0, acc: 0000, samples: 0/0
display  D   display_settings.c:377  _al_score_display_settings       [   0.07159] Single Buffer requirement not met.
display  D   display_settings.c:191  debug_display_settings           [   0.07160] color: 32 (rgba 8880), depth: 24, stencil: 0, acc: 0000, samples: 0/0
display  D   display_settings.c:377  _al_score_display_settings       [   0.07161] Single Buffer requirement not met.
display  D   display_settings.c:191  debug_display_settings           [   0.07162] color: 32 (rgba 8880), depth: 16, stencil: 0, acc: 0000, samples: 0/0
display  D   display_settings.c:377  _al_score_display_settings       [   0.07163] Single Buffer requirement not met.
display  D   display_settings.c:191  debug_display_settings           [   0.07164] color: 32 (rgba 8880), depth: 16, stencil: 0, acc: 0000, samples: 0/0
display  D   display_settings.c:377  _al_score_display_settings       [   0.07165] Single Buffer requirement not met.
display  D   display_settings.c:191  debug_display_settings           [   0.07166] color: 16 (rgba 5650), depth: 0, stencil: 0, acc: 0000, samples: 0/0
display  D   display_settings.c:377  _al_score_display_settings       [   0.07168] Single Buffer requirement not met.
display  D   display_settings.c:191  debug_display_settings           [   0.07169] color: 16 (rgba 5650), depth: 0, stencil: 0, acc: 0000, samples: 0/0
display  D   display_settings.c:377  _al_score_display_settings       [   0.07170] Single Buffer requirement not met.
display  D   display_settings.c:191  debug_display_settings           [   0.07171] color: 16 (rgba 5650), depth: 24, stencil: 8, acc: 0000, samples: 0/0
display  D   display_settings.c:377  _al_score_display_settings       [   0.07172] Single Buffer requirement not met.
display  D   display_settings.c:191  debug_display_settings           [   0.07173] color: 16 (rgba 5650), depth: 24, stencil: 8, acc: 0000, samples: 0/0
display  D   display_settings.c:377  _al_score_display_settings       [   0.07175] Single Buffer requirement not met.
display  D   display_settings.c:191  debug_display_settings           [   0.07176] color: 16 (rgba 5650), depth: 24, stencil: 0, acc: 0000, samples: 0/0
display  D   display_settings.c:377  _al_score_display_settings       [   0.07177] Single Buffer requirement not met.
display  D   display_settings.c:191  debug_display_settings           [   0.07178] color: 16 (rgba 5650), depth: 24, stencil: 0, acc: 0000, samples: 0/0
display  D   display_settings.c:377  _al_score_display_settings       [   0.07179] Single Buffer requirement not met.
display  D   display_settings.c:191  debug_display_settings           [   0.07180] color: 16 (rgba 5650), depth: 16, stencil: 0, acc: 0000, samples: 0/0
display  D   display_settings.c:377  _al_score_display_settings       [   0.07181] Single Buffer requirement not met.
display  D   display_settings.c:191  debug_display_settings           [   0.07183] color: 16 (rgba 5650), depth: 16, stencil: 0, acc: 0000, samples: 0/0
display  D   display_settings.c:377  _al_score_display_settings       [   0.07184] Single Buffer requirement not met.
display  D   display_settings.c:191  debug_display_settings           [   0.07185] color: 32 (rgba 8880), depth: 0, stencil: 0, acc: 0000, samples: 0/0
display  D   display_settings.c:506  _al_score_display_settings       [   0.07186] Score is : 769
display  D   display_settings.c:191  debug_display_settings           [   0.07187] color: 32 (rgba 8880), depth: 0, stencil: 0, acc: 0000, samples: 0/0
display  D   display_settings.c:506  _al_score_display_settings       [   0.07188] Score is : 769
display  D   display_settings.c:191  debug_display_settings           [   0.07189] color: 32 (rgba 8880), depth: 24, stencil: 8, acc: 0000, samples: 0/0
display  D   display_settings.c:506  _al_score_display_settings       [   0.07191] Score is : 769
display  D   display_settings.c:191  debug_display_settings           [   0.07192] color: 32 (rgba 8880), depth: 24, stencil: 8, acc: 0000, samples: 0/0
display  D   display_settings.c:506  _al_score_display_settings       [   0.07193] Score is : 769
display  D   display_settings.c:191  debug_display_settings           [   0.07194] color: 32 (rgba 8880), depth: 24, stencil: 0, acc: 0000, samples: 0/0
display  D   display_settings.c:506  _al_score_display_settings       [   0.07195] Score is : 769
display  D   display_settings.c:191  debug_display_settings           [   0.07196] color: 32 (rgba 8880), depth: 24, stencil: 0, acc: 0000, samples: 0/0
display  D   display_settings.c:506  _al_score_display_settings       [   0.07197] Score is : 769
display  D   display_settings.c:191  debug_display_settings           [   0.07198] color: 32 (rgba 8880), depth: 16, stencil: 0, acc: 0000, samples: 0/0
display  D   display_settings.c:506  _al_score_display_settings       [   0.07200] Score is : 769
display  D   display_settings.c:191  debug_display_settings           [   0.07201] color: 32 (rgba 8880), depth: 16, stencil: 0, acc: 0000, samples: 0/0
display  D   display_settings.c:506  _al_score_display_settings       [   0.07202] Score is : 769
display  D   display_settings.c:191  debug_display_settings           [   0.07203] color: 16 (rgba 5650), depth: 0, stencil: 0, acc: 0000, samples: 0/0
display  D   display_settings.c:506  _al_score_display_settings       [   0.07204] Score is : 769
display  D   display_settings.c:191  debug_display_settings           [   0.07205] color: 16 (rgba 5650), depth: 0, stencil: 0, acc: 0000, samples: 0/0
display  D   display_settings.c:506  _al_score_display_settings       [   0.07210] Score is : 769
display  D   display_settings.c:191  debug_display_settings           [   0.07211] color: 16 (rgba 5650), depth: 24, stencil: 8, acc: 0000, samples: 0/0
display  D   display_settings.c:506  _al_score_display_settings       [   0.07213] Score is : 769
display  D   display_settings.c:191  debug_display_settings           [   0.07214] color: 16 (rgba 5650), depth: 24, stencil: 8, acc: 0000, samples: 0/0
display  D   display_settings.c:506  _al_score_display_settings       [   0.07215] Score is : 769
display  D   display_settings.c:191  debug_display_settings           [   0.07216] color: 16 (rgba 5650), depth: 24, stencil: 0, acc: 0000, samples: 0/0
display  D   display_settings.c:506  _al_score_display_settings       [   0.07217] Score is : 769
display  D   display_settings.c:191  debug_display_settings           [   0.07218] color: 16 (rgba 5650), depth: 24, stencil: 0, acc: 0000, samples: 0/0
display  D   display_settings.c:506  _al_score_display_settings       [   0.07219] Score is : 769
display  D   display_settings.c:191  debug_display_settings           [   0.07220] color: 16 (rgba 5650), depth: 16, stencil: 0, acc: 0000, samples: 0/0
display  D   display_settings.c:506  _al_score_display_settings       [   0.07222] Score is : 769
display  D   display_settings.c:191  debug_display_settings           [   0.07223] color: 16 (rgba 5650), depth: 16, stencil: 0, acc: 0000, samples: 0/0
display  D   display_settings.c:506  _al_score_display_settings       [   0.07224] Score is : 769
display  D   display_settings.c:191  debug_display_settings           [   0.07225] color: 32 (rgba 8880), depth: 0, stencil: 0, acc: 0000, samples: 0/0
display  D   display_settings.c:377  _al_score_display_settings       [   0.07226] Single Buffer requirement not met.
display  D   display_settings.c:191  debug_display_settings           [   0.07227] color: 32 (rgba 8880), depth: 0, stencil: 0, acc: 0000, samples: 0/0
display  D   display_settings.c:377  _al_score_display_settings       [   0.07228] Single Buffer requirement not met.
display  D   display_settings.c:191  debug_display_settings           [   0.07230] color: 32 (rgba 8880), depth: 24, stencil: 8, acc: 0000, samples: 0/0
display  D   display_settings.c:377  _al_score_display_settings       [   0.07231] Single Buffer requirement not met.
display  D   display_settings.c:191  debug_display_settings           [   0.07232] color: 32 (rgba 8880), depth: 24, stencil: 8, acc: 0000, samples: 0/0
display  D   display_settings.c:377  _al_score_display_settings       [   0.07233] Single Buffer requirement not met.
display  D   display_settings.c:191  debug_display_settings           [   0.07234] color: 32 (rgba 8880), depth: 24, stencil: 0, acc: 0000, samples: 0/0
display  D   display_settings.c:377  _al_score_display_settings       [   0.07235] Single Buffer requirement not met.
display  D   display_settings.c:191  debug_display_settings           [   0.07236] color: 32 (rgba 8880), depth: 24, stencil: 0, acc: 0000, samples: 0/0
display  D   display_settings.c:377  _al_score_display_settings       [   0.07238] Single Buffer requirement not met.
display  D   display_settings.c:191  debug_display_settings           [   0.07239] color: 32 (rgba 8880), depth: 16, stencil: 0, acc: 0000, samples: 0/0
display  D   display_settings.c:377  _al_score_display_settings       [   0.07240] Single Buffer requirement not met.
display  D   display_settings.c:191  debug_display_settings           [   0.07241] color: 32 (rgba 8880), depth: 16, stencil: 0, acc: 0000, samples: 0/0
display  D   display_settings.c:377  _al_score_display_settings       [   0.07242] Single Buffer requirement not met.
display  D   display_settings.c:191  debug_display_settings           [   0.07243] color: 16 (rgba 5650), depth: 0, stencil: 0, acc: 0000, samples: 0/0
display  D   display_settings.c:377  _al_score_display_settings       [   0.07245] Single Buffer requirement not met.
display  D   display_settings.c:191  debug_display_settings           [   0.07246] color: 16 (rgba 5650), depth: 0, stencil: 0, acc: 0000, samples: 0/0
display  D   display_settings.c:377  _al_score_display_settings       [   0.07247] Single Buffer requirement not met.
display  D   display_settings.c:191  debug_display_settings           [   0.07248] color: 16 (rgba 5650), depth: 24, stencil: 8, acc: 0000, samples: 0/0
display  D   display_settings.c:377  _al_score_display_settings       [   0.07249] Single Buffer requirement not met.
display  D   display_settings.c:191  debug_display_settings           [   0.07250] color: 16 (rgba 5650), depth: 24, stencil: 8, acc: 0000, samples: 0/0
display  D   display_settings.c:377  _al_score_display_settings       [   0.07252] Single Buffer requirement not met.
display  D   display_settings.c:191  debug_display_settings           [   0.07253] color: 16 (rgba 5650), depth: 24, stencil: 0, acc: 0000, samples: 0/0
display  D   display_settings.c:377  _al_score_display_settings       [   0.07254] Single Buffer requirement not met.
display  D   display_settings.c:191  debug_display_settings           [   0.07255] color: 16 (rgba 5650), depth: 24, stencil: 0, acc: 0000, samples: 0/0
display  D   display_settings.c:377  _al_score_display_settings       [   0.07256] Single Buffer requirement not met.
display  D   display_settings.c:191  debug_display_settings           [   0.07257] color: 16 (rgba 5650), depth: 16, stencil: 0, acc: 0000, samples: 0/0
display  D   display_settings.c:377  _al_score_display_settings       [   0.07258] Single Buffer requirement not met.
display  D   display_settings.c:191  debug_display_settings           [   0.07259] color: 16 (rgba 5650), depth: 16, stencil: 0, acc: 0000, samples: 0/0
display  D   display_settings.c:377  _al_score_display_settings       [   0.07261] Single Buffer requirement not met.
d3d      D         d3d_disp.cpp:1640 d3d_create_display_internals     [   0.07262] Trying format 0.
d3d      I         d3d_disp.cpp:1325 d3d_display_thread_proc          [   0.07286] Chose a display format: 23
d3d      I         d3d_disp.cpp:1394 d3d_display_thread_proc          [   0.07290] Normal window.
d3d      I         d3d_disp.cpp:800  d3d_create_device                [   0.07808] Using no depth stencil buffer
d3d      D         d3d_disp.cpp:865  d3d_create_device                [   0.11090] BeginScene succeeded in create_device
d3d      D         d3d_disp.cpp:873  d3d_create_device                [   0.11093] Success
d3d      D         d3d_disp.cpp:1663 d3d_create_display_internals     [   0.11097] Resumed after wait.
d3d      I         d3d_disp.cpp:1696 d3d_create_display_internals     [   0.11100] Format 0 succeeded.
d3d      D         d3d_disp.cpp:1719 d3d_create_display_internals     [   0.11103] Returning d3d_display: 009774F8
d3d      D         d3d_disp.cpp:1744 d3d_create_display_locked        [   0.11105] al_display=009774F8
d3d      D         d3d_disp.cpp:1745 d3d_create_display_locked        [   0.11106] al_display->vt=0093DB38
font     D                ttf.c:786  al_load_ttf_font_stretch_f       [   0.11359] Font Resources//fonts//arial.ttf loaded with pixel size 0 x 18.
font     D                ttf.c:788  al_load_ttf_font_stretch_f       [   0.11361]     ascent=16.0, descent=-4.0, height=21.0
dtor     D               dtor.c:184  _al_register_destructor          [   0.11363] added dtor for object 00907D60, func 72F11069
d3d      D         d3d_disp.cpp:1165 real_choose_bitmap_format        [   0.11645] Fake format
d3d      D         d3d_disp.cpp:1165 real_choose_bitmap_format        [   0.11648] Fake format
d3d      D         d3d_disp.cpp:1165 real_choose_bitmap_format        [   0.11649] Fake format
d3d      D         d3d_disp.cpp:1165 real_choose_bitmap_format        [   0.11650] Fake format
d3d      D         d3d_disp.cpp:1165 real_choose_bitmap_format        [   0.11651] Fake format
d3d      D         d3d_disp.cpp:1165 real_choose_bitmap_format        [   0.11652] Fake format
d3d      D         d3d_disp.cpp:1165 real_choose_bitmap_format        [   0.11653] Fake format
d3d      D         d3d_disp.cpp:1165 real_choose_bitmap_format        [   0.11654] Fake format
d3d      D         d3d_disp.cpp:1165 real_choose_bitmap_format        [   0.11655] Fake format
d3d      D         d3d_disp.cpp:1173 real_choose_bitmap_format        [   0.11656] Alpha doesn't match
d3d      D         d3d_disp.cpp:1180 real_choose_bitmap_format        [   0.11657] Adapter format is 23
d3d      D         d3d_disp.cpp:1183 real_choose_bitmap_format        [   0.11658] Found a format
d3d      I         d3d_disp.cpp:2289 _al_d3d_create_bitmap            [   0.11659] Chose bitmap format 9
dtor     D               dtor.c:184  _al_register_destructor          [   0.11786] added dtor for object 061FBB38, func 6BAB1762
d3d      D          d3d_bmp.cpp:455  _al_d3d_sync_bitmap              [   0.12071] _al_d3d_sync_bitmap (system) ref count == 1
d3d      D          d3d_bmp.cpp:460  _al_d3d_sync_bitmap              [   0.12074] _al_d3d_sync_bitmap (video) ref count == 1
d3d      D         d3d_disp.cpp:1165 real_choose_bitmap_format        [   0.12154] Fake format
d3d      D         d3d_disp.cpp:1165 real_choose_bitmap_format        [   0.12155] Fake format
d3d      D         d3d_disp.cpp:1165 real_choose_bitmap_format        [   0.12156] Fake format
d3d      D         d3d_disp.cpp:1165 real_choose_bitmap_format        [   0.12157] Fake format
d3d      D         d3d_disp.cpp:1165 real_choose_bitmap_format        [   0.12158] Fake format
d3d      D         d3d_disp.cpp:1165 real_choose_bitmap_format        [   0.12159] Fake format
d3d      D         d3d_disp.cpp:1165 real_choose_bitmap_format        [   0.12160] Fake format
d3d      D         d3d_disp.cpp:1165 real_choose_bitmap_format        [   0.12161] Fake format
d3d      D         d3d_disp.cpp:1165 real_choose_bitmap_format        [   0.12162] Fake format
d3d      D         d3d_disp.cpp:1173 real_choose_bitmap_format        [   0.12163] Alpha doesn't match
d3d      D         d3d_disp.cpp:1180 real_choose_bitmap_format        [   0.12164] Adapter format is 23
d3d      D         d3d_disp.cpp:1183 real_choose_bitmap_format        [   0.12165] Found a format
d3d      I         d3d_disp.cpp:2289 _al_d3d_create_bitmap            [   0.12166] Chose bitmap format 9
dtor     D               dtor.c:184  _al_register_destructor          [   0.12519] added dtor for object 061F9840, func 6BAB1762
d3d      D          d3d_bmp.cpp:455  _al_d3d_sync_bitmap              [   0.13186] _al_d3d_sync_bitmap (system) ref count == 1
d3d      D          d3d_bmp.cpp:460  _al_d3d_sync_bitmap              [   0.13190] _al_d3d_sync_bitmap (video) ref count == 1
d3d      D         d3d_disp.cpp:1165 real_choose_bitmap_format        [   0.14487] Fake format
d3d      D         d3d_disp.cpp:1165 real_choose_bitmap_format        [   0.14490] Fake format
d3d      D         d3d_disp.cpp:1165 real_choose_bitmap_format        [   0.14491] Fake format
d3d      D         d3d_disp.cpp:1165 real_choose_bitmap_format        [   0.14492] Fake format
d3d      D         d3d_disp.cpp:1165 real_choose_bitmap_format        [   0.14493] Fake format
d3d      D         d3d_disp.cpp:1165 real_choose_bitmap_format        [   0.14494] Fake format
d3d      D         d3d_disp.cpp:1165 real_choose_bitmap_format        [   0.14495] Fake format
d3d      D         d3d_disp.cpp:1165 real_choose_bitmap_format        [   0.14496] Fake format
d3d      D         d3d_disp.cpp:1165 real_choose_bitmap_format        [   0.14497] Fake format
d3d      D         d3d_disp.cpp:1173 real_choose_bitmap_format        [   0.14497] Alpha doesn't match
d3d      D         d3d_disp.cpp:1180 real_choose_bitmap_format        [   0.14498] Adapter format is 23
d3d      D         d3d_disp.cpp:1183 real_choose_bitmap_format        [   0.14500] Found a format
d3d      I         d3d_disp.cpp:2289 _al_d3d_create_bitmap            [   0.14501] Chose bitmap format 9
dtor     D               dtor.c:184  _al_register_destructor          [   0.15734] added dtor for object 061F9940, func 6BAB1762
d3d      D          d3d_bmp.cpp:455  _al_d3d_sync_bitmap              [   0.17044] _al_d3d_sync_bitmap (system) ref count == 1
d3d      D          d3d_bmp.cpp:460  _al_d3d_sync_bitmap              [   0.17048] _al_d3d_sync_bitmap (video) ref count == 1
d3d      D         d3d_disp.cpp:1165 real_choose_bitmap_format        [   0.19046] Fake format
d3d      D         d3d_disp.cpp:1165 real_choose_bitmap_format        [   0.19048] Fake format
d3d      D         d3d_disp.cpp:1165 real_choose_bitmap_format        [   0.19049] Fake format
d3d      D         d3d_disp.cpp:1165 real_choose_bitmap_format        [   0.19050] Fake format
d3d      D         d3d_disp.cpp:1165 real_choose_bitmap_format        [   0.19051] Fake format
d3d      D         d3d_disp.cpp:1165 real_choose_bitmap_format        [   0.19052] Fake format
d3d      D         d3d_disp.cpp:1165 real_choose_bitmap_format        [   0.19053] Fake format
d3d      D         d3d_disp.cpp:1165 real_choose_bitmap_format        [   0.19054] Fake format
d3d      D         d3d_disp.cpp:1165 real_choose_bitmap_format        [   0.19055] Fake format
d3d      D         d3d_disp.cpp:1173 real_choose_bitmap_format        [   0.19056] Alpha doesn't match
d3d      D         d3d_disp.cpp:1180 real_choose_bitmap_format        [   0.19057] Adapter format is 23
d3d      D         d3d_disp.cpp:1183 real_choose_bitmap_format        [   0.19058] Found a format
d3d      I         d3d_disp.cpp:2289 _al_d3d_create_bitmap            [   0.19059] Chose bitmap format 9
dtor     D               dtor.c:184  _al_register_destructor          [   0.19717] added dtor for object 061F9A40, func 6BAB1762
d3d      D          d3d_bmp.cpp:455  _al_d3d_sync_bitmap              [   0.20136] _al_d3d_sync_bitmap (system) ref count == 1
d3d      D          d3d_bmp.cpp:460  _al_d3d_sync_bitmap              [   0.20139] _al_d3d_sync_bitmap (video) ref count == 1
d3d      D          d3d_bmp.cpp:455  _al_d3d_sync_bitmap              [   0.21242] _al_d3d_sync_bitmap (system) ref count == 1
d3d      D          d3d_bmp.cpp:460  _al_d3d_sync_bitmap              [   0.21246] _al_d3d_sync_bitmap (video) ref count == 1
d3d      D          d3d_bmp.cpp:455  _al_d3d_sync_bitmap              [   0.21545] _al_d3d_sync_bitmap (system) ref count == 1
d3d      D          d3d_bmp.cpp:460  _al_d3d_sync_bitmap              [   0.21548] _al_d3d_sync_bitmap (video) ref count == 1
d3d      D          d3d_bmp.cpp:455  _al_d3d_sync_bitmap              [   0.25053] _al_d3d_sync_bitmap (system) ref count == 1
d3d      D          d3d_bmp.cpp:460  _al_d3d_sync_bitmap              [   0.25057] _al_d3d_sync_bitmap (video) ref count == 1
d3d      D          d3d_bmp.cpp:455  _al_d3d_sync_bitmap              [   0.31556] _al_d3d_sync_bitmap (system) ref count == 1
d3d      D          d3d_bmp.cpp:460  _al_d3d_sync_bitmap              [   0.31560] _al_d3d_sync_bitmap (video) ref count == 1
d3d      D         d3d_disp.cpp:1165 real_choose_bitmap_format        [   0.34815] Fake format
d3d      D         d3d_disp.cpp:1165 real_choose_bitmap_format        [   0.34817] Fake format
d3d      D         d3d_disp.cpp:1165 real_choose_bitmap_format        [   0.34818] Fake format
d3d      D         d3d_disp.cpp:1165 real_choose_bitmap_format        [   0.34819] Fake format
d3d      D         d3d_disp.cpp:1165 real_choose_bitmap_format        [   0.34820] Fake format
d3d      D         d3d_disp.cpp:1165 real_choose_bitmap_format        [   0.34821] Fake format
d3d      D         d3d_disp.cpp:1165 real_choose_bitmap_format        [   0.34822] Fake format
d3d      D         d3d_disp.cpp:1165 real_choose_bitmap_format        [   0.34823] Fake format
d3d      D         d3d_disp.cpp:1165 real_choose_bitmap_format        [   0.34824] Fake format
d3d      D         d3d_disp.cpp:1173 real_choose_bitmap_format        [   0.34825] Alpha doesn't match
d3d      D         d3d_disp.cpp:1180 real_choose_bitmap_format        [   0.34826] Adapter format is 23
d3d      D         d3d_disp.cpp:1183 real_choose_bitmap_format        [   0.34827] Found a format
d3d      I         d3d_disp.cpp:2289 _al_d3d_create_bitmap            [   0.34836] Chose bitmap format 9
dtor     D               dtor.c:184  _al_register_destructor          [   0.34850] added dtor for object 061FB040, func 6BAB1762
d3d      D          d3d_bmp.cpp:455  _al_d3d_sync_bitmap              [   0.34951] _al_d3d_sync_bitmap (system) ref count == 1
d3d      D          d3d_bmp.cpp:460  _al_d3d_sync_bitmap              [   0.34953] _al_d3d_sync_bitmap (video) ref count == 1
d3d      D          d3d_bmp.cpp:455  _al_d3d_sync_bitmap              [   0.35000] _al_d3d_sync_bitmap (system) ref count == 1
d3d      D          d3d_bmp.cpp:460  _al_d3d_sync_bitmap              [   0.35002] _al_d3d_sync_bitmap (video) ref count == 1
dtor     D               dtor.c:184  _al_register_destructor          [   0.35013] added dtor for object 062564F8, func 6BAB1A0F
dtor     D               dtor.c:184  _al_register_destructor          [   0.35016] added dtor for object 009152F0, func 6BAB1690
d3d      D         d3d_disp.cpp:1165 real_choose_bitmap_format        [   0.38592] Fake format
d3d      D         d3d_disp.cpp:1165 real_choose_bitmap_format        [   0.38595] Fake format
d3d      D         d3d_disp.cpp:1165 real_choose_bitmap_format        [   0.38596] Fake format
d3d      D         d3d_disp.cpp:1165 real_choose_bitmap_format        [   0.38597] Fake format
d3d      D         d3d_disp.cpp:1165 real_choose_bitmap_format        [   0.38598] Fake format
d3d      D         d3d_disp.cpp:1165 real_choose_bitmap_format        [   0.38599] Fake format
d3d      D         d3d_disp.cpp:1165 real_choose_bitmap_format        [   0.38600] Fake format
d3d      D         d3d_disp.cpp:1165 real_choose_bitmap_format        [   0.38601] Fake format
d3d      D         d3d_disp.cpp:1165 real_choose_bitmap_format        [   0.38602] Fake format
d3d      D         d3d_disp.cpp:1173 real_choose_bitmap_format        [   0.38603] Alpha doesn't match
d3d      D         d3d_disp.cpp:1180 real_choose_bitmap_format        [   0.38604] Adapter format is 23
d3d      D         d3d_disp.cpp:1183 real_choose_bitmap_format        [   0.38605] Found a format
d3d      I         d3d_disp.cpp:2289 _al_d3d_create_bitmap            [   0.38606] Chose bitmap format 9
font     D                ttf.c:216  alloc_glyph_region               [   0.38640] glyph 11x15 (12x16)
d3d      D          d3d_bmp.cpp:455  _al_d3d_sync_bitmap              [   0.38948] _al_d3d_sync_bitmap (system) ref count == 1
d3d      D          d3d_bmp.cpp:460  _al_d3d_sync_bitmap              [   0.38951] _al_d3d_sync_bitmap (video) ref count == 2
font     D                ttf.c:216  alloc_glyph_region               [   0.38967] glyph 7x12 (8x12)
font     D                ttf.c:216  alloc_glyph_region               [   0.38978] glyph 10x12 (12x12)
font     D                ttf.c:216  alloc_glyph_region               [   0.38987] glyph 14x12 (16x12)
font     D                ttf.c:216  alloc_glyph_region               [   0.38993] glyph 10x12 (12x12)
font     D                ttf.c:216  alloc_glyph_region               [   0.39003] glyph 9x12 (12x12)
font     D                ttf.c:216  alloc_glyph_region               [   0.39007] glyph 4x12 (4x12)
font     D                ttf.c:216  alloc_glyph_region               [   0.39012] glyph 11x15 (12x16)
d3d      D          d3d_bmp.cpp:455  _al_d3d_sync_bitmap              [   0.39149] _al_d3d_sync_bitmap (system) ref count == 1
d3d      D          d3d_bmp.cpp:460  _al_d3d_sync_bitmap              [   0.39151] _al_d3d_sync_bitmap (video) ref count == 2
d3d      D          d3d_bmp.cpp:455  _al_d3d_sync_bitmap              [   0.39282] _al_d3d_sync_bitmap (system) ref count == 1
d3d      D          d3d_bmp.cpp:460  _al_d3d_sync_bitmap              [   0.39284] _al_d3d_sync_bitmap (video) ref count == 2
d3d      D          d3d_bmp.cpp:455  _al_d3d_sync_bitmap              [   0.39615] _al_d3d_sync_bitmap (system) ref count == 1
d3d      D          d3d_bmp.cpp:460  _al_d3d_sync_bitmap              [   0.39618] _al_d3d_sync_bitmap (video) ref count == 2
d3d      D          d3d_bmp.cpp:455  _al_d3d_sync_bitmap              [   0.39805] _al_d3d_sync_bitmap (system) ref count == 1
d3d      D          d3d_bmp.cpp:460  _al_d3d_sync_bitmap              [   0.39808] _al_d3d_sync_bitmap (video) ref count == 2
d3d      D          d3d_bmp.cpp:455  _al_d3d_sync_bitmap              [   0.39864] _al_d3d_sync_bitmap (system) ref count == 1
d3d      D          d3d_bmp.cpp:460  _al_d3d_sync_bitmap              [   0.39867] _al_d3d_sync_bitmap (video) ref count == 2
d3d      D          d3d_bmp.cpp:455  _al_d3d_sync_bitmap              [   0.39905] _al_d3d_sync_bitmap (system) ref count == 1
d3d      D          d3d_bmp.cpp:460  _al_d3d_sync_bitmap              [   0.39907] _al_d3d_sync_bitmap (video) ref count == 2
font     D                ttf.c:216  alloc_glyph_region               [   0.39938] glyph 7x15 (8x16)
d3d      D          d3d_bmp.cpp:455  _al_d3d_sync_bitmap              [   0.40131] _al_d3d_sync_bitmap (system) ref count == 1
d3d      D          d3d_bmp.cpp:460  _al_d3d_sync_bitmap              [   0.40135] _al_d3d_sync_bitmap (video) ref count == 2
d3d      D          d3d_bmp.cpp:455  _al_d3d_sync_bitmap              [   0.40244] _al_d3d_sync_bitmap (system) ref count == 1
d3d      D          d3d_bmp.cpp:460  _al_d3d_sync_bitmap              [   0.40247] _al_d3d_sync_bitmap (video) ref count == 2
font     D                ttf.c:216  alloc_glyph_region               [   0.40276] glyph 11x15 (12x16)
d3d      D          d3d_bmp.cpp:455  _al_d3d_sync_bitmap              [   0.40471] _al_d3d_sync_bitmap (system) ref count == 1
d3d      D          d3d_bmp.cpp:460  _al_d3d_sync_bitmap              [   0.40475] _al_d3d_sync_bitmap (video) ref count == 2
d3d      D          d3d_bmp.cpp:455  _al_d3d_sync_bitmap              [   0.40576] _al_d3d_sync_bitmap (system) ref count == 1
d3d      D          d3d_bmp.cpp:460  _al_d3d_sync_bitmap              [   0.40579] _al_d3d_sync_bitmap (video) ref count == 2
font     D                ttf.c:216  alloc_glyph_region               [   0.41736] glyph 10x15 (12x16)
d3d      D          d3d_bmp.cpp:455  _al_d3d_sync_bitmap              [   0.41962] _al_d3d_sync_bitmap (system) ref count == 1
d3d      D          d3d_bmp.cpp:460  _al_d3d_sync_bitmap              [   0.41965] _al_d3d_sync_bitmap (video) ref count == 2
d3d      D          d3d_bmp.cpp:455  _al_d3d_sync_bitmap              [   0.42075] _al_d3d_sync_bitmap (system) ref count == 1
d3d      D          d3d_bmp.cpp:460  _al_d3d_sync_bitmap              [   0.42079] _al_d3d_sync_bitmap (video) ref count == 2
font     D                ttf.c:216  alloc_glyph_region               [   0.43440] glyph 11x15 (12x16)
d3d      D          d3d_bmp.cpp:455  _al_d3d_sync_bitmap              [   0.43659] _al_d3d_sync_bitmap (system) ref count == 1
d3d      D          d3d_bmp.cpp:460  _al_d3d_sync_bitmap              [   0.43662] _al_d3d_sync_bitmap (video) ref count == 2
d3d      D          d3d_bmp.cpp:455  _al_d3d_sync_bitmap              [   0.43774] _al_d3d_sync_bitmap (system) ref count == 1
d3d      D          d3d_bmp.cpp:460  _al_d3d_sync_bitmap              [   0.43777] _al_d3d_sync_bitmap (video) ref count == 2
font     D                ttf.c:216  alloc_glyph_region               [   0.45068] glyph 10x15 (12x16)
d3d      D          d3d_bmp.cpp:455  _al_d3d_sync_bitmap              [   0.45296] _al_d3d_sync_bitmap (system) ref count == 1
d3d      D          d3d_bmp.cpp:460  _al_d3d_sync_bitmap              [   0.45299] _al_d3d_sync_bitmap (video) ref count == 2
d3d      D          d3d_bmp.cpp:455  _al_d3d_sync_bitmap              [   0.45407] _al_d3d_sync_bitmap (system) ref count == 1
d3d      D          d3d_bmp.cpp:460  _al_d3d_sync_bitmap              [   0.45409] _al_d3d_sync_bitmap (video) ref count == 2
font     D                ttf.c:216  alloc_glyph_region               [   0.46768] glyph 10x15 (12x16)
d3d      D          d3d_bmp.cpp:455  _al_d3d_sync_bitmap              [   0.47009] _al_d3d_sync_bitmap (system) ref count == 1
d3d      D          d3d_bmp.cpp:460  _al_d3d_sync_bitmap              [   0.47015] _al_d3d_sync_bitmap (video) ref count == 2
d3d      D          d3d_bmp.cpp:455  _al_d3d_sync_bitmap              [   0.47149] _al_d3d_sync_bitmap (system) ref count == 1
d3d      D          d3d_bmp.cpp:460  _al_d3d_sync_bitmap              [   0.47154] _al_d3d_sync_bitmap (video) ref count == 2
font     D                ttf.c:216  alloc_glyph_region               [   0.48441] glyph 10x15 (12x16)
d3d      D          d3d_bmp.cpp:455  _al_d3d_sync_bitmap              [   0.48685] _al_d3d_sync_bitmap (system) ref count == 1
d3d      D          d3d_bmp.cpp:460  _al_d3d_sync_bitmap              [   0.48690] _al_d3d_sync_bitmap (video) ref count == 2
d3d      D          d3d_bmp.cpp:455  _al_d3d_sync_bitmap              [   0.48828] _al_d3d_sync_bitmap (system) ref count == 1
d3d      D          d3d_bmp.cpp:460  _al_d3d_sync_bitmap              [   0.48833] _al_d3d_sync_bitmap (video) ref count == 2
font     D                ttf.c:216  alloc_glyph_region               [   0.50089] glyph 10x15 (12x16)
d3d      D          d3d_bmp.cpp:455  _al_d3d_sync_bitmap              [   0.50330] _al_d3d_sync_bitmap (system) ref count == 1
d3d      D          d3d_bmp.cpp:460  _al_d3d_sync_bitmap              [   0.50335] _al_d3d_sync_bitmap (video) ref count == 2
d3d      D          d3d_bmp.cpp:455  _al_d3d_sync_bitmap              [   0.50468] _al_d3d_sync_bitmap (system) ref count == 1
d3d      D          d3d_bmp.cpp:460  _al_d3d_sync_bitmap              [   0.50473] _al_d3d_sync_bitmap (video) ref count == 2
font     D                ttf.c:216  alloc_glyph_region               [   0.51758] glyph 10x15 (12x16)
d3d      D          d3d_bmp.cpp:455  _al_d3d_sync_bitmap              [   0.51994] _al_d3d_sync_bitmap (system) ref count == 1
d3d      D          d3d_bmp.cpp:460  _al_d3d_sync_bitmap              [   0.51999] _al_d3d_sync_bitmap (video) ref count == 2
d3d      D          d3d_bmp.cpp:455  _al_d3d_sync_bitmap              [   0.52140] _al_d3d_sync_bitmap (system) ref count == 1
d3d      D          d3d_bmp.cpp:460  _al_d3d_sync_bitmap              [   0.52144] _al_d3d_sync_bitmap (video) ref count == 2
audio    D          kcm_mixer.c:121  _al_rechannel_matrix             [   1.18469] sample matrix:
audio    D          kcm_mixer.c:127  _al_rechannel_matrix             [   1.18476]  0.500000
audio    D          kcm_mixer.c:127  _al_rechannel_matrix             [   1.18479]  0.500000
audio    D          kcm_mixer.c:121  _al_rechannel_matrix             [   1.18481] sample matrix:
audio    D          kcm_mixer.c:127  _al_rechannel_matrix             [   1.18482]  0.500000
audio    D          kcm_mixer.c:127  _al_rechannel_matrix             [   1.18483]  0.500000
dtor     D               dtor.c:214  _al_unregister_destructor        [  55.35665] removed dtor for object 061FBB38
d3d      W          d3d_bmp.cpp:725  d3d_destroy_bitmap               [  55.35670] d3d_destroy_bitmap: Release video texture failed.
dtor     D               dtor.c:214  _al_unregister_destructor        [  55.35682] removed dtor for object 00907D60
d3d      W          d3d_bmp.cpp:725  d3d_destroy_bitmap               [  55.35691] d3d_destroy_bitmap: Release video texture failed.
dtor     D               dtor.c:214  _al_unregister_destructor        [  55.35713] removed dtor for object 062564F8
dtor     D               dtor.c:214  _al_unregister_destructor        [  55.36685] removed dtor for object 009152F0
d3d      I         d3d_disp.cpp:920  d3d_destroy_display              [  55.36691] destroying display 009774F8 (current 00000000)
bitmap   D             bitmap.c:874  _al_convert_to_memory_bitmap     [  55.36695] converting display bitmap 061FB040 to memory bitmap
d3d      D          d3d_bmp.cpp:455  _al_d3d_sync_bitmap              [  55.36817] _al_d3d_sync_bitmap (system) ref count == 1
d3d      D          d3d_bmp.cpp:460  _al_d3d_sync_bitmap              [  55.36822] _al_d3d_sync_bitmap (video) ref count == 2
d3d      W          d3d_bmp.cpp:725  d3d_destroy_bitmap               [  55.36826] d3d_destroy_bitmap: Release video texture failed.
bitmap   D             bitmap.c:874  _al_convert_to_memory_bitmap     [  55.36848] converting display bitmap 061F9A40 to memory bitmap
d3d      D          d3d_bmp.cpp:455  _al_d3d_sync_bitmap              [  55.37166] _al_d3d_sync_bitmap (system) ref count == 1
d3d      D          d3d_bmp.cpp:460  _al_d3d_sync_bitmap              [  55.37172] _al_d3d_sync_bitmap (video) ref count == 2
d3d      W          d3d_bmp.cpp:725  d3d_destroy_bitmap               [  55.37256] d3d_destroy_bitmap: Release video texture failed.
bitmap   D             bitmap.c:874  _al_convert_to_memory_bitmap     [  55.37315] converting display bitmap 061F9940 to memory bitmap
d3d      D          d3d_bmp.cpp:455  _al_d3d_sync_bitmap              [  55.37914] _al_d3d_sync_bitmap (system) ref count == 1
d3d      D          d3d_bmp.cpp:460  _al_d3d_sync_bitmap              [  55.37920] _al_d3d_sync_bitmap (video) ref count == 2
d3d      W          d3d_bmp.cpp:725  d3d_destroy_bitmap               [  55.38087] d3d_destroy_bitmap: Release video texture failed.
bitmap   D             bitmap.c:874  _al_convert_to_memory_bitmap     [  55.38193] converting display bitmap 061F9840 to memory bitmap
d3d      D          d3d_bmp.cpp:455  _al_d3d_sync_bitmap              [  55.38520] _al_d3d_sync_bitmap (system) ref count == 1
d3d      D          d3d_bmp.cpp:460  _al_d3d_sync_bitmap              [  55.38526] _al_d3d_sync_bitmap (video) ref count == 2
d3d      W          d3d_bmp.cpp:725  d3d_destroy_bitmap               [  55.38625] d3d_destroy_bitmap: Release video texture failed.
d3d      D         d3d_disp.cpp:904  d3d_destroy_display_internals    [  55.38715] waiting for display 009774F8's thread to end
d3d      W         d3d_disp.cpp:616  d3d_destroy_device               [  55.39698] d3d_destroy_device: ref count not 0
d3d      I         d3d_disp.cpp:1522 d3d_display_thread_proc          [  55.40712] d3d display thread exits
dtor     D               dtor.c:214  _al_unregister_destructor        [  55.40866] removed dtor for object 061F9840
dtor     D               dtor.c:214  _al_unregister_destructor        [  55.40920] removed dtor for object 061F9940
dtor     D               dtor.c:214  _al_unregister_destructor        [  55.41005] removed dtor for object 061F9A40
dtor     D               dtor.c:114  _al_run_destructors              [  55.41038] calling dtor for object 061FB040, func 6BAB1762
dtor     D               dtor.c:214  _al_unregister_destructor        [  55.41040] removed dtor for object 061FB040
dinput   D           wjoydxnu.c:1136 joydx_exit_joystick              [  55.41171] Entering joydx_exit_joystick
dinput   D           wjoydxnu.c:1182 joydx_exit_joystick              [  55.41221] Leaving joydx_exit_joystick
dtor     D               dtor.c:214  _al_unregister_destructor        [  55.41225] removed dtor for object 0093E0C8
dtor     D               dtor.c:214  _al_unregister_destructor        [  55.41227] removed dtor for object 0093E868
dtor     D               dtor.c:214  _al_unregister_destructor        [  55.41229] removed dtor for object 009859D8
audio-dsound D           dsound.cpp:516  _dsound_stop_voice               [  55.41231] Stopping voice
audio-dsound D           dsound.cpp:532  _dsound_stop_voice               [  55.41232] Joining thread
audio-dsound D           dsound.cpp:538  _dsound_stop_voice               [  55.41776] Joined thread
audio-dsound D           dsound.cpp:540  _dsound_stop_voice               [  55.41780] Destroying thread
audio-dsound D           dsound.cpp:542  _dsound_stop_voice               [  55.41782] Thread destroyed
audio-dsound D           dsound.cpp:545  _dsound_stop_voice               [  55.41783] Releasing buffer
audio-dsound I           dsound.cpp:549  _dsound_stop_voice               [  55.41785] Voice stopped
dtor     D               dtor.c:214  _al_unregister_destructor        [  55.41788] removed dtor for object 00944928
audio-dsound D           dsound.cpp:365  _dsound_deallocate_voice         [  55.41790] Deallocating voice
audio-dsound D           dsound.cpp:370  _dsound_deallocate_voice         [  55.41792] Deallocated voice
dtor     D               dtor.c:114  _al_run_destructors              [  55.41794] calling dtor for object 009A61B8, func 6F2F110E
dtor     D               dtor.c:214  _al_unregister_destructor        [  55.41796] removed dtor for object 009A61B8
dtor     D               dtor.c:114  _al_run_destructors              [  55.41798] calling dtor for object 00978618, func 6F2F10FA
dtor     D               dtor.c:214  _al_unregister_destructor        [  55.41800] removed dtor for object 00978618
audio-dsound D           dsound.cpp:279  _dsound_close                    [  55.41802] Releasing device
audio-dsound D           dsound.cpp:281  _dsound_close                    [  55.42924] Released device
audio-dsound I           dsound.cpp:284  _dsound_close                    [  55.42927] DirectSound closed
